


ARM Macro Assembler    Page 1 


    1 00000000                 PRESERVE8
    2 00000000                 THUMB
    3 00000000         
    4 00000000                 export           DFT_ModuleAuCarre
    5 00000000         
    6 00000000         ; ====================== zone de réservation de données,
                         ======================================
    7 00000000         ;Section RAM (read only) :
    8 00000000                 area             mesdata,data,readonly
    9 00000000         
   10 00000000         
   11 00000000         ;Section RAM (read write):
   12 00000000                 area             maram,data,readwrite
   13 00000000         
   14 00000000         
   15 00000000         
   16 00000000         ; ======================================================
                       =========================================
   17 00000000         
   18 00000000         
   19 00000000         
   20 00000000         
   21 00000000         
   22 00000000         
   23 00000000         ;Section ROM code (read only) :  
   24 00000000                 area             moncode,code,readonly
   25 00000000         ; écrire le code ici  
   26 00000000         
   27 00000000         DFT_ModuleAuCarre
                               proc
   28 00000000 E92D 0FF0       push             {r4, r5, r6, r7, r8, r9, r10, r
11}
   29 00000004 4602            mov              r2, r0
   30 00000006 F04F 0600       mov              r6, #0
   31 0000000A F04F 0400       mov              r4, #0
   32 0000000E F04F 0540       mov              r5, #64
   33 00000012 F04F 0B00       mov              r11, #0
   34 00000016 F8DF 8048       ldr              r8, =TabCos
   35 0000001A F8DF 9048       ldr              r9, =TabSin
   36 0000001E         boucle
   37 0000001E 460B            mov              r3, r1
   38 00000020 42A5            cmp              r5, r4
   39 00000022 DD16            ble              fin
   40 00000024 FB03 F304       mul              r3, r4
   41 00000028 F938 7013       ldrsh            r7, [r8, r3, lsl #1] ; cos 1.15
                                                            
   42 0000002C EA4F 07E7       asr              r7, #3      ;1.12
   43 00000030 F939 A013       ldrsh            r10, [r9, r3, lsl #1] 
                                                            ; sin 1.15
   44 00000034 EA4F 0AEA       asr              r10, #3     ;4.12
   45 00000038 F932 9014       ldrsh            r9, [r2, r4, lsl #1] ;x(n) 4.12
                                                            
   46 0000003C EA4F 09E9       asr              r9, #3      ;4.9
   47 00000040 FB07 F709       mul              r7, r9      ;5.21
   48 00000044 FB0A FA09       mul              r10, r9     ;5.21
   49 00000048 44D3            add              r11, r10    ;x(k) imaginaire 32
                                                             bits 11.21
   50 0000004A 443E            add              r6, r7      ;x(k) réel       32
                                                             bits 11.21



ARM Macro Assembler    Page 2 


   51 0000004C F104 0401       add              r4, #1
   52 00000050 E7E5            b                boucle
   53 00000052         
   54 00000052         fin
   55 00000052         
   56 00000052 FB8B 010B       smull            r0, r1, r11, r11 ;22.42
   57 00000056 FBC6 0106       smlal            r0, r1, r6, r6 ;22.42
   58 0000005A E8BD 0FF0       pop              {r4, r5, r6, r7, r8, r9, r10, r
11}
   59 0000005E 4770            bx               lr
   60 00000060                 endp
   61 00000060         
   62 00000060         
   63 00000060         ;Section ROM code (read only) :  
   64 00000060 00000000 
              00000000         AREA             Trigo, DATA, READONLY
   65 00000000         ; codage fractionnaire 1.15
   66 00000000         
   67 00000000         TabCos
   68 00000000 FF 7F           DCW              32767       ;  0 0x7fff  0.9999
                                                            7
   69 00000002 62 7F           DCW              32610       ;  1 0x7f62  0.9951
                                                            8
   70 00000004 8A 7D           DCW              32138       ;  2 0x7d8a  0.9807
                                                            7
   71 00000006 7D 7A           DCW              31357       ;  3 0x7a7d  0.9569
                                                            4
   72 00000008 42 76           DCW              30274       ;  4 0x7642  0.9238
                                                            9
   73 0000000A E3 70           DCW              28899       ;  5 0x70e3  0.8819
                                                            3
   74 0000000C 6E 6A           DCW              27246       ;  6 0x6a6e  0.8314
                                                            8
   75 0000000E F2 62           DCW              25330       ;  7 0x62f2  0.7730
                                                            1
   76 00000010 82 5A           DCW              23170       ;  8 0x5a82  0.7070
                                                            9
   77 00000012 34 51           DCW              20788       ;  9 0x5134  0.6344
                                                            0
   78 00000014 1D 47           DCW              18205       ; 10 0x471d  0.5555
                                                            7
   79 00000016 57 3C           DCW              15447       ; 11 0x3c57  0.4714
                                                            1
   80 00000018 FC 30           DCW              12540       ; 12 0x30fc  0.3826
                                                            9
   81 0000001A 28 25           DCW              9512        ; 13 0x2528  0.2902
                                                            8
   82 0000001C F9 18           DCW              6393        ; 14 0x18f9  0.1951
                                                            0
   83 0000001E 8C 0C           DCW              3212        ; 15 0x0c8c  0.0980
                                                            2
   84 00000020 00 00           DCW              0           ; 16 0x0000  0.0000
                                                            0
   85 00000022 74 F3           DCW              -3212       ; 17 0xf374 -0.0980
                                                            2
   86 00000024 07 E7           DCW              -6393       ; 18 0xe707 -0.1951
                                                            0
   87 00000026 D8 DA           DCW              -9512       ; 19 0xdad8 -0.2902
                                                            8



ARM Macro Assembler    Page 3 


   88 00000028 04 CF           DCW              -12540      ; 20 0xcf04 -0.3826
                                                            9
   89 0000002A A9 C3           DCW              -15447      ; 21 0xc3a9 -0.4714
                                                            1
   90 0000002C E3 B8           DCW              -18205      ; 22 0xb8e3 -0.5555
                                                            7
   91 0000002E CC AE           DCW              -20788      ; 23 0xaecc -0.6344
                                                            0
   92 00000030 7E A5           DCW              -23170      ; 24 0xa57e -0.7070
                                                            9
   93 00000032 0E 9D           DCW              -25330      ; 25 0x9d0e -0.7730
                                                            1
   94 00000034 92 95           DCW              -27246      ; 26 0x9592 -0.8314
                                                            8
   95 00000036 1D 8F           DCW              -28899      ; 27 0x8f1d -0.8819
                                                            3
   96 00000038 BE 89           DCW              -30274      ; 28 0x89be -0.9238
                                                            9
   97 0000003A 83 85           DCW              -31357      ; 29 0x8583 -0.9569
                                                            4
   98 0000003C 76 82           DCW              -32138      ; 30 0x8276 -0.9807
                                                            7
   99 0000003E 9E 80           DCW              -32610      ; 31 0x809e -0.9951
                                                            8
  100 00000040 00 80           DCW              -32768      ; 32 0x8000 -1.0000
                                                            0
  101 00000042 9E 80           DCW              -32610      ; 33 0x809e -0.9951
                                                            8
  102 00000044 76 82           DCW              -32138      ; 34 0x8276 -0.9807
                                                            7
  103 00000046 83 85           DCW              -31357      ; 35 0x8583 -0.9569
                                                            4
  104 00000048 BE 89           DCW              -30274      ; 36 0x89be -0.9238
                                                            9
  105 0000004A 1D 8F           DCW              -28899      ; 37 0x8f1d -0.8819
                                                            3
  106 0000004C 92 95           DCW              -27246      ; 38 0x9592 -0.8314
                                                            8
  107 0000004E 0E 9D           DCW              -25330      ; 39 0x9d0e -0.7730
                                                            1
  108 00000050 7E A5           DCW              -23170      ; 40 0xa57e -0.7070
                                                            9
  109 00000052 CC AE           DCW              -20788      ; 41 0xaecc -0.6344
                                                            0
  110 00000054 E3 B8           DCW              -18205      ; 42 0xb8e3 -0.5555
                                                            7
  111 00000056 A9 C3           DCW              -15447      ; 43 0xc3a9 -0.4714
                                                            1
  112 00000058 04 CF           DCW              -12540      ; 44 0xcf04 -0.3826
                                                            9
  113 0000005A D8 DA           DCW              -9512       ; 45 0xdad8 -0.2902
                                                            8
  114 0000005C 07 E7           DCW              -6393       ; 46 0xe707 -0.1951
                                                            0
  115 0000005E 74 F3           DCW              -3212       ; 47 0xf374 -0.0980
                                                            2
  116 00000060 00 00           DCW              0           ; 48 0x0000  0.0000
                                                            0
  117 00000062 8C 0C           DCW              3212        ; 49 0x0c8c  0.0980



ARM Macro Assembler    Page 4 


                                                            2
  118 00000064 F9 18           DCW              6393        ; 50 0x18f9  0.1951
                                                            0
  119 00000066 28 25           DCW              9512        ; 51 0x2528  0.2902
                                                            8
  120 00000068 FC 30           DCW              12540       ; 52 0x30fc  0.3826
                                                            9
  121 0000006A 57 3C           DCW              15447       ; 53 0x3c57  0.4714
                                                            1
  122 0000006C 1D 47           DCW              18205       ; 54 0x471d  0.5555
                                                            7
  123 0000006E 34 51           DCW              20788       ; 55 0x5134  0.6344
                                                            0
  124 00000070 82 5A           DCW              23170       ; 56 0x5a82  0.7070
                                                            9
  125 00000072 F2 62           DCW              25330       ; 57 0x62f2  0.7730
                                                            1
  126 00000074 6E 6A           DCW              27246       ; 58 0x6a6e  0.8314
                                                            8
  127 00000076 E3 70           DCW              28899       ; 59 0x70e3  0.8819
                                                            3
  128 00000078 42 76           DCW              30274       ; 60 0x7642  0.9238
                                                            9
  129 0000007A 7D 7A           DCW              31357       ; 61 0x7a7d  0.9569
                                                            4
  130 0000007C 8A 7D           DCW              32138       ; 62 0x7d8a  0.9807
                                                            7
  131 0000007E 62 7F           DCW              32610       ; 63 0x7f62  0.9951
                                                            8
  132 00000080         TabSin
  133 00000080 00 00           DCW              0           ;  0 0x0000  0.0000
                                                            0
  134 00000082 8C 0C           DCW              3212        ;  1 0x0c8c  0.0980
                                                            2
  135 00000084 F9 18           DCW              6393        ;  2 0x18f9  0.1951
                                                            0
  136 00000086 28 25           DCW              9512        ;  3 0x2528  0.2902
                                                            8
  137 00000088 FC 30           DCW              12540       ;  4 0x30fc  0.3826
                                                            9
  138 0000008A 57 3C           DCW              15447       ;  5 0x3c57  0.4714
                                                            1
  139 0000008C 1D 47           DCW              18205       ;  6 0x471d  0.5555
                                                            7
  140 0000008E 34 51           DCW              20788       ;  7 0x5134  0.6344
                                                            0
  141 00000090 82 5A           DCW              23170       ;  8 0x5a82  0.7070
                                                            9
  142 00000092 F2 62           DCW              25330       ;  9 0x62f2  0.7730
                                                            1
  143 00000094 6E 6A           DCW              27246       ; 10 0x6a6e  0.8314
                                                            8
  144 00000096 E3 70           DCW              28899       ; 11 0x70e3  0.8819
                                                            3
  145 00000098 42 76           DCW              30274       ; 12 0x7642  0.9238
                                                            9
  146 0000009A 7D 7A           DCW              31357       ; 13 0x7a7d  0.9569
                                                            4
  147 0000009C 8A 7D           DCW              32138       ; 14 0x7d8a  0.9807



ARM Macro Assembler    Page 5 


                                                            7
  148 0000009E 62 7F           DCW              32610       ; 15 0x7f62  0.9951
                                                            8
  149 000000A0 FF 7F           DCW              32767       ; 16 0x7fff  0.9999
                                                            7
  150 000000A2 62 7F           DCW              32610       ; 17 0x7f62  0.9951
                                                            8
  151 000000A4 8A 7D           DCW              32138       ; 18 0x7d8a  0.9807
                                                            7
  152 000000A6 7D 7A           DCW              31357       ; 19 0x7a7d  0.9569
                                                            4
  153 000000A8 42 76           DCW              30274       ; 20 0x7642  0.9238
                                                            9
  154 000000AA E3 70           DCW              28899       ; 21 0x70e3  0.8819
                                                            3
  155 000000AC 6E 6A           DCW              27246       ; 22 0x6a6e  0.8314
                                                            8
  156 000000AE F2 62           DCW              25330       ; 23 0x62f2  0.7730
                                                            1
  157 000000B0 82 5A           DCW              23170       ; 24 0x5a82  0.7070
                                                            9
  158 000000B2 34 51           DCW              20788       ; 25 0x5134  0.6344
                                                            0
  159 000000B4 1D 47           DCW              18205       ; 26 0x471d  0.5555
                                                            7
  160 000000B6 57 3C           DCW              15447       ; 27 0x3c57  0.4714
                                                            1
  161 000000B8 FC 30           DCW              12540       ; 28 0x30fc  0.3826
                                                            9
  162 000000BA 28 25           DCW              9512        ; 29 0x2528  0.2902
                                                            8
  163 000000BC F9 18           DCW              6393        ; 30 0x18f9  0.1951
                                                            0
  164 000000BE 8C 0C           DCW              3212        ; 31 0x0c8c  0.0980
                                                            2
  165 000000C0 00 00           DCW              0           ; 32 0x0000  0.0000
                                                            0
  166 000000C2 74 F3           DCW              -3212       ; 33 0xf374 -0.0980
                                                            2
  167 000000C4 07 E7           DCW              -6393       ; 34 0xe707 -0.1951
                                                            0
  168 000000C6 D8 DA           DCW              -9512       ; 35 0xdad8 -0.2902
                                                            8
  169 000000C8 04 CF           DCW              -12540      ; 36 0xcf04 -0.3826
                                                            9
  170 000000CA A9 C3           DCW              -15447      ; 37 0xc3a9 -0.4714
                                                            1
  171 000000CC E3 B8           DCW              -18205      ; 38 0xb8e3 -0.5555
                                                            7
  172 000000CE CC AE           DCW              -20788      ; 39 0xaecc -0.6344
                                                            0
  173 000000D0 7E A5           DCW              -23170      ; 40 0xa57e -0.7070
                                                            9
  174 000000D2 0E 9D           DCW              -25330      ; 41 0x9d0e -0.7730
                                                            1
  175 000000D4 92 95           DCW              -27246      ; 42 0x9592 -0.8314
                                                            8
  176 000000D6 1D 8F           DCW              -28899      ; 43 0x8f1d -0.8819
                                                            3



ARM Macro Assembler    Page 6 


  177 000000D8 BE 89           DCW              -30274      ; 44 0x89be -0.9238
                                                            9
  178 000000DA 83 85           DCW              -31357      ; 45 0x8583 -0.9569
                                                            4
  179 000000DC 76 82           DCW              -32138      ; 46 0x8276 -0.9807
                                                            7
  180 000000DE 9E 80           DCW              -32610      ; 47 0x809e -0.9951
                                                            8
  181 000000E0 00 80           DCW              -32768      ; 48 0x8000 -1.0000
                                                            0
  182 000000E2 9E 80           DCW              -32610      ; 49 0x809e -0.9951
                                                            8
  183 000000E4 76 82           DCW              -32138      ; 50 0x8276 -0.9807
                                                            7
  184 000000E6 83 85           DCW              -31357      ; 51 0x8583 -0.9569
                                                            4
  185 000000E8 BE 89           DCW              -30274      ; 52 0x89be -0.9238
                                                            9
  186 000000EA 1D 8F           DCW              -28899      ; 53 0x8f1d -0.8819
                                                            3
  187 000000EC 92 95           DCW              -27246      ; 54 0x9592 -0.8314
                                                            8
  188 000000EE 0E 9D           DCW              -25330      ; 55 0x9d0e -0.7730
                                                            1
  189 000000F0 7E A5           DCW              -23170      ; 56 0xa57e -0.7070
                                                            9
  190 000000F2 CC AE           DCW              -20788      ; 57 0xaecc -0.6344
                                                            0
  191 000000F4 E3 B8           DCW              -18205      ; 58 0xb8e3 -0.5555
                                                            7
  192 000000F6 A9 C3           DCW              -15447      ; 59 0xc3a9 -0.4714
                                                            1
  193 000000F8 04 CF           DCW              -12540      ; 60 0xcf04 -0.3826
                                                            9
  194 000000FA D8 DA           DCW              -9512       ; 61 0xdad8 -0.2902
                                                            8
  195 000000FC 07 E7           DCW              -6393       ; 62 0xe707 -0.1951
                                                            0
  196 000000FE 74 F3           DCW              -3212       ; 63 0xf374 -0.0980
                                                            2
  197 00000100         
  198 00000100         
  199 00000100         
  200 00000100         
  201 00000100                 END
Command Line: --debug --xref --diag_suppress=9931 --cpu=Cortex-M3 --apcs=interw
ork --depend=.\obj\dft.d -o.\obj\dft.o -I.\RTE\_Simu -IC:\Programdata\Keil\Arm\
Packs\ARM\CMSIS\5.7.0\CMSIS\Core\Include -IC:\Programdata\Keil\Arm\Packs\Keil\S
TM32F1xx_DFP\2.3.0\Device\Include --predefine="__EVAL SETA 1" --predefine="__MI
CROLIB SETA 1" --predefine="__UVISION_VERSION SETA 534" --predefine="_RTE_ SETA
 1" --predefine="STM32F10X_MD SETA 1" --predefine="_RTE_ SETA 1" --list=dft.lst
 Src\DFT.s



ARM Macro Assembler    Page 1 Alphabetic symbol ordering
Relocatable symbols

mesdata 00000000

Symbol: mesdata
   Definitions
      At line 8 in file Src\DFT.s
   Uses
      None
Comment: mesdata unused
1 symbol



ARM Macro Assembler    Page 1 Alphabetic symbol ordering
Relocatable symbols

maram 00000000

Symbol: maram
   Definitions
      At line 12 in file Src\DFT.s
   Uses
      None
Comment: maram unused
1 symbol



ARM Macro Assembler    Page 1 Alphabetic symbol ordering
Relocatable symbols

DFT_ModuleAuCarre 00000000

Symbol: DFT_ModuleAuCarre
   Definitions
      At line 27 in file Src\DFT.s
   Uses
      At line 4 in file Src\DFT.s
Comment: DFT_ModuleAuCarre used once
boucle 0000001E

Symbol: boucle
   Definitions
      At line 36 in file Src\DFT.s
   Uses
      At line 52 in file Src\DFT.s
Comment: boucle used once
fin 00000052

Symbol: fin
   Definitions
      At line 54 in file Src\DFT.s
   Uses
      At line 39 in file Src\DFT.s
Comment: fin used once
moncode 00000000

Symbol: moncode
   Definitions
      At line 24 in file Src\DFT.s
   Uses
      None
Comment: moncode unused
4 symbols



ARM Macro Assembler    Page 1 Alphabetic symbol ordering
Relocatable symbols

TabCos 00000000

Symbol: TabCos
   Definitions
      At line 67 in file Src\DFT.s
   Uses
      At line 34 in file Src\DFT.s
Comment: TabCos used once
TabSin 00000080

Symbol: TabSin
   Definitions
      At line 132 in file Src\DFT.s
   Uses
      At line 35 in file Src\DFT.s
Comment: TabSin used once
Trigo 00000000

Symbol: Trigo
   Definitions
      At line 64 in file Src\DFT.s
   Uses
      None
Comment: Trigo unused
3 symbols
346 symbols in table
